<?xml version="1.0" encoding="UTF-8"?>
<testsuites name="jest tests" tests="2" failures="0" errors="0" time="2.29">
  <testsuite name="Jenkins Hello World App" errors="0" failures="0" skipped="0" timestamp="2025-12-17T02:52:23" time="2.163" tests="2">
    <testcase classname="Jenkins Hello World App Unit Test: Hàm hello phải trả về &quot;Hello Jenkins&quot;" name="Jenkins Hello World App Unit Test: Hàm hello phải trả về &quot;Hello Jenkins&quot;" time="0.008">
    </testcase>
    <testcase classname="Jenkins Hello World App Integration Test: GET / phải trả về status 200 và text &quot;Hello Jenkins&quot;" name="Jenkins Hello World App Integration Test: GET / phải trả về status 200 và text &quot;Hello Jenkins&quot;" time="0.059">
    </testcase>
  </testsuite>
</testsuites>